#0 building with "desktop-linux" instance using docker driver

#1 [internal] load build definition from Dockerfile
#1 transferring dockerfile: 697B 0.0s done
#1 DONE 0.1s

#2 [internal] load metadata for public.ecr.aws/lambda/python:3.9
#2 DONE 6.1s

#3 [internal] load .dockerignore
#3 transferring context: 2B 0.0s done
#3 DONE 0.2s

#4 [internal] load build context
#4 DONE 0.0s

#5 [1/5] FROM public.ecr.aws/lambda/python:3.9@sha256:6be3702ff7209e8542ebbb09f3719de368483dae704afa693822d1a729ad26ba
#5 ...

#4 [internal] load build context
#4 transferring context: 728B 0.0s done
#4 DONE 0.2s

#5 [1/5] FROM public.ecr.aws/lambda/python:3.9@sha256:6be3702ff7209e8542ebbb09f3719de368483dae704afa693822d1a729ad26ba
#5 resolve public.ecr.aws/lambda/python:3.9@sha256:6be3702ff7209e8542ebbb09f3719de368483dae704afa693822d1a729ad26ba
#5 resolve public.ecr.aws/lambda/python:3.9@sha256:6be3702ff7209e8542ebbb09f3719de368483dae704afa693822d1a729ad26ba 0.2s done
#5 DONE 0.2s

#6 [4/5] COPY src/ ./src/
#6 CACHED

#7 [2/5] COPY requirements_deploy.txt .
#7 CACHED

#8 [3/5] RUN pip install --default-timeout=1000 --no-cache-dir -r requirements_deploy.txt
#8 CACHED

#9 [5/5] COPY deployment/lambda_function.py .
#9 CACHED

#10 exporting to image
#10 exporting layers done
#10 exporting manifest sha256:e56d86886c19ae51ab770e4f50c80f4f53887b2ffe6a520c2607c1bf8ab81abb 0.0s done
#10 exporting config sha256:740d006fb036aafd508f492e03ecb41b872fbaa71bbbd7b0e290bf9e0bc49470 0.0s done
#10 naming to docker.io/library/mobilenet-repo:latest
#10 naming to docker.io/library/mobilenet-repo:latest 0.1s done
#10 unpacking to docker.io/library/mobilenet-repo:latest 0.1s done
#10 DONE 0.3s
